<?xml version="1.0" encoding="UTF-8"?>
<!-- Generated by org.testng.reporters.JUnitReportReporter -->
<testsuite hostname="HARSHA" failures="0" tests="1" name="driverFactory.AppTest" time="50.698" errors="0" timestamp="2024-07-24T12:30:55 IST" skipped="0">
  <testcase classname="driverFactory.AppTest" name="KickStart" time="50.698">
    <system-out>
      <![CDATA[Stock-000002411      Stock-000002411
Supplier-00000004218        Supplier-00000004218
Customer-00000009097        Customer-00000009097]]>
    </system-out>
  </testcase> <!-- KickStart -->
  <system-out>
    <![CDATA[Stock-000002411      Stock-000002411
Supplier-00000004218        Supplier-00000004218
Customer-00000009097        Customer-00000009097]]>
  </system-out>
</testsuite> <!-- driverFactory.AppTest -->
